生成启动时间为 2016/3/31 13:16:03。
     1>项目“F:\VS Project\LeapArm\LeapArm\LeapArm.vcxproj”在节点 2 上(build 个目标)。
     1>InitializeBuildStatus:
         正在创建“Debug\LeapArm.unsuccessfulbuild”，因为已指定“AlwaysCreate”。
       PreBuildEvent:
         xcopy /yr "D:\LeapMotion\LeapDeveloperKit_2.3.1+31549_win\LeapSDK\lib\x86\Leap.dll" "F:\VS Project\LeapArm\Debug\"
         :VCEnd
         D:\LeapMotion\LeapDeveloperKit_2.3.1+31549_win\LeapSDK\lib\x86\Leap.dll
         复制了 1 个文件
       ClCompile:
         所有输出均为最新。
         D:\Program Files (x86)\Microsoft Visual Studio 10.0\VC\bin\CL.exe /c /ID:\LeapMotion\LeapDeveloperKit_2.3.1+31549_win\LeapSDK\include /ZI /nologo /W3 /WX- /Od /Oy- /D WIN32 /D _DEBUG /D _CONSOLE /D _UNICODE /D UNICODE /Gm /EHsc /RTC1 /MDd /GS /fp:precise /Zc:wchar_t /Zc:forScope /Yu"StdAfx.h" /Fp"Debug\LeapArm.pch" /Fo"Debug\\" /Fd"Debug\vc100.pdb" /Gd /TP /analyze- /errorReport:prompt ArmInfo.cpp
         ArmInfo.cpp
     1>f:\vs project\leaparm\leaparm\arminfo.cpp(33): warning C4482: 使用了非标准扩展: 限定名中使用了枚举“Object”
     1>f:\vs project\leaparm\leaparm\arminfo.cpp(34): warning C4482: 使用了非标准扩展: 限定名中使用了枚举“Object”
       ResourceCompile:
         所有输出均为最新。
       ManifestResourceCompile:
         所有输出均为最新。
       Link:
         D:\Program Files (x86)\Microsoft Visual Studio 10.0\VC\bin\link.exe /ERRORREPORT:PROMPT /OUT:"F:\VS Project\LeapArm\Debug\LeapArm.exe" /INCREMENTAL /NOLOGO /LIBPATH:D:\LeapMotion\LeapDeveloperKit_2.3.1+31549_win\LeapSDK\lib\x86 Leap.lib opencv_ts300.lib opencv_world300.lib kernel32.lib user32.lib gdi32.lib winspool.lib comdlg32.lib advapi32.lib shell32.lib ole32.lib oleaut32.lib uuid.lib odbc32.lib odbccp32.lib kernel32.lib user32.lib gdi32.lib winspool.lib comdlg32.lib advapi32.lib shell32.lib ole32.lib oleaut32.lib uuid.lib odbc32.lib odbccp32.lib /MANIFEST /ManifestFile:"Debug\LeapArm.exe.intermediate.manifest" /MANIFESTUAC:"level='asInvoker' uiAccess='false'" /DEBUG /PDB:"F:\VS Project\LeapArm\Debug\LeapArm.pdb" /SUBSYSTEM:CONSOLE /TLBID:1 /DYNAMICBASE /NXCOMPAT /IMPLIB:"F:\VS Project\LeapArm\Debug\LeapArm.lib" /MACHINE:X86 Debug\LeapArm.res
         Debug\LeapArm.exe.embed.manifest.res
         Debug\ArmInfo.obj
         Debug\Calculator.obj
         Debug\Communication.obj
         Debug\LeapArm.obj
         Debug\LeapDevice.obj
         Debug\SerialPort.obj
         Debug\stdafx.obj
       Manifest:
         C:\Program Files (x86)\Microsoft SDKs\Windows\v7.0A\bin\mt.exe /nologo /verbose /out:"Debug\LeapArm.exe.embed.manifest" /manifest Debug\LeapArm.exe.intermediate.manifest
         所有输出均为最新。
       LinkEmbedManifest:
         所有输出均为最新。
         LeapArm.vcxproj -> F:\VS Project\LeapArm\Debug\LeapArm.exe
       FinalizeBuildStatus:
         正在删除文件“Debug\LeapArm.unsuccessfulbuild”。
         正在对“Debug\LeapArm.lastbuildstate”执行 Touch 任务。
     1>已完成生成项目“F:\VS Project\LeapArm\LeapArm\LeapArm.vcxproj”(build 个目标)的操作。

生成成功。

已用时间 00:00:01.52
